0 verbose cli /usr/local/bin/node /usr/local/bin/npm
1 info using npm@9.8.1
2 info using node@v19.9.0
3 timing npm:load:whichnode Completed in 4ms
4 timing config:load:defaults Completed in 5ms
5 timing config:load:file:/usr/local/lib/node_modules/npm/npmrc Completed in 5ms
6 timing config:load:builtin Completed in 5ms
7 timing config:load:cli Completed in 5ms
8 timing config:load:env Completed in 0ms
9 timing config:load:project Completed in 9ms
10 timing config:load:file:/home/container/.npmrc Completed in 0ms
11 timing config:load:user Completed in 0ms
12 timing config:load:file:/usr/local/etc/npmrc Completed in 0ms
13 timing config:load:global Completed in 0ms
14 timing config:load:setEnvs Completed in 2ms
15 timing config:load Completed in 30ms
16 timing npm:load:configload Completed in 31ms
17 timing config:load:flatten Completed in 10ms
18 timing npm:load:mkdirpcache Completed in 1ms
19 timing npm:load:mkdirplogs Completed in 1ms
20 verbose title npm install
21 verbose argv "install"
22 timing npm:load:setTitle Completed in 2ms
23 timing npm:load:display Completed in 1ms
24 verbose logfile logs-max:10 dir:/home/container/.npm/_logs/2024-12-08T19_26_17_351Z-
25 verbose logfile /home/container/.npm/_logs/2024-12-08T19_26_17_351Z-debug-0.log
26 timing npm:load:logFile Completed in 25ms
27 timing npm:load:timers Completed in 0ms
28 timing npm:load:configScope Completed in 0ms
29 timing npm:load Completed in 167ms
30 timing arborist:ctor Completed in 2ms
31 silly logfile done cleaning log files
32 timing idealTree:init Completed in 199ms
33 timing idealTree:userRequests Completed in 0ms
34 silly idealTree buildDeps
35 timing idealTree:#root Completed in 0ms
36 timing idealTree:buildDeps Completed in 2ms
37 timing idealTree:fixDepFlags Completed in 0ms
38 timing idealTree Completed in 220ms
39 verbose shrinkwrap failed to load node_modules/.package-lock.json out of date, updated: node_modules
40 timing reify:loadTrees Completed in 429ms
41 timing reify:diffTrees Completed in 14ms
42 silly reify mark retired [
42 silly reify   '/home/container/node_modules/mime',
42 silly reify   '/home/container/node_modules/.bin/mime'
42 silly reify ]
43 silly reify mark retired [
43 silly reify   '/home/container/node_modules/uuid',
43 silly reify   '/home/container/node_modules/.bin/uuid'
43 silly reify ]
44 silly reify moves {
44 silly reify   '/home/container/node_modules/mime': '/home/container/node_modules/.mime-OqpHjQqc',
44 silly reify   '/home/container/node_modules/.bin/mime': '/home/container/node_modules/.bin/.mime-eoW5cL08',
44 silly reify   '/home/container/node_modules/uuid': '/home/container/node_modules/.uuid-bJQR8Pxz',
44 silly reify   '/home/container/node_modules/.bin/uuid': '/home/container/node_modules/.bin/.uuid-GjpJUL4x'
44 silly reify }
45 timing reify:retireShallow Completed in 80ms
46 timing reify:createSparse Completed in 3ms
47 timing reify:loadBundles Completed in 0ms
48 silly audit bulk request {
48 silly audit   '@types/node': [ '18.0.6' ],
48 silly audit   accepts: [ '1.3.8' ],
48 silly audit   'array-flatten': [ '1.1.1' ],
48 silly audit   'body-parser': [ '1.20.2' ],
48 silly audit   bytes: [ '3.1.2' ],
48 silly audit   'call-bind': [ '1.0.7' ],
48 silly audit   'content-disposition': [ '0.5.4' ],
48 silly audit   'content-type': [ '1.0.5' ],
48 silly audit   cookie: [ '0.6.0' ],
48 silly audit   'cookie-signature': [ '1.0.6' ],
48 silly audit   cors: [ '2.8.5' ],
48 silly audit   debug: [ '2.6.9' ],
48 silly audit   'define-data-property': [ '1.1.4' ],
48 silly audit   depd: [ '2.0.0' ],
48 silly audit   destroy: [ '1.2.0' ],
48 silly audit   'ee-first': [ '1.1.1' ],
48 silly audit   encodeurl: [ '1.0.2' ],
48 silly audit   'es-define-property': [ '1.0.0' ],
48 silly audit   'es-errors': [ '1.3.0' ],
48 silly audit   'escape-html': [ '1.0.3' ],
48 silly audit   etag: [ '1.8.1' ],
48 silly audit   express: [ '4.19.2' ],
48 silly audit   'express-ws': [ '5.0.2' ],
48 silly audit   finalhandler: [ '1.2.0' ],
48 silly audit   forwarded: [ '0.2.0' ],
48 silly audit   fresh: [ '0.5.2' ],
48 silly audit   fs: [ '0.0.1-security' ],
48 silly audit   'function-bind': [ '1.1.2' ],
48 silly audit   'get-intrinsic': [ '1.2.4' ],
48 silly audit   gopd: [ '1.0.1' ],
48 silly audit   'has-property-descriptors': [ '1.0.2' ],
48 silly audit   'has-proto': [ '1.0.3' ],
48 silly audit   'has-symbols': [ '1.0.3' ],
48 silly audit   hasown: [ '2.0.2' ],
48 silly audit   'http-errors': [ '2.0.0' ],
48 silly audit   inherits: [ '2.0.4', '2.0.3' ],
48 silly audit   'iconv-lite': [ '0.4.24' ],
48 silly audit   'ipaddr.js': [ '1.9.1' ],
48 silly audit   'media-typer': [ '0.3.0' ],
48 silly audit   'merge-descriptors': [ '1.0.1' ],
48 silly audit   methods: [ '1.1.2' ],
48 silly audit   mime: [ '1.6.0' ],
48 silly audit   'mime-db': [ '1.52.0' ],
48 silly audit   'mime-types': [ '2.1.35' ],
48 silly audit   ms: [ '2.0.0', '2.1.3' ],
48 silly audit   negotiator: [ '0.6.3' ],
48 silly audit   'object-assign': [ '4.1.1' ],
48 silly audit   'object-inspect': [ '1.13.2' ],
48 silly audit   'on-finished': [ '2.4.1' ],
48 silly audit   parseurl: [ '1.3.3' ],
48 silly audit   path: [ '0.12.7' ],
48 silly audit   'path-to-regexp': [ '0.1.7' ],
48 silly audit   process: [ '0.11.10' ],
48 silly audit   'proxy-addr': [ '2.0.7' ],
48 silly audit   qs: [ '6.11.0' ],
48 silly audit   'range-parser': [ '1.2.1' ],
48 silly audit   'raw-body': [ '2.5.2' ],
48 silly audit   'safe-buffer': [ '5.2.1' ],
48 silly audit   'safer-buffer': [ '2.1.2' ],
48 silly audit   send: [ '0.18.0' ],
48 silly audit   'serve-static': [ '1.15.0' ],
48 silly audit   'set-function-length': [ '1.2.2' ],
48 silly audit   setprototypeof: [ '1.2.0' ],
48 silly audit   'side-channel': [ '1.0.6' ],
48 silly audit   statuses: [ '2.0.1' ],
48 silly audit   toidentifier: [ '1.0.1' ],
48 silly audit   'type-is': [ '1.6.18' ],
48 silly audit   unpipe: [ '1.0.0' ],
48 silly audit   util: [ '0.10.4' ],
48 silly audit   'utils-merge': [ '1.0.1' ],
48 silly audit   uuid: [ '10.0.0' ],
48 silly audit   vary: [ '1.1.2' ],
48 silly audit   ws: [ '7.5.10' ]
48 silly audit }
49 silly tarball no local data for uuid@https://registry.npmjs.org/uuid/-/uuid-10.0.0.tgz. Extracting by manifest.
50 silly tarball no local data for mime@https://registry.npmjs.org/mime/-/mime-1.6.0.tgz. Extracting by manifest.
51 http fetch POST 503 https://registry.npmjs.org/-/npm/v1/security/advisories/bulk 565ms
52 silly audit bulk request failed [object Object]
53 http fetch GET 200 https://registry.npmjs.org/mime/-/mime-1.6.0.tgz 751ms (cache miss)
54 timing reifyNode:node_modules/mime Completed in 796ms
55 http fetch GET 200 https://registry.npmjs.org/npm 1556ms (cache miss)
56 http fetch POST 200 https://registry.npmjs.org/-/npm/v1/security/audits/quick 303ms
57 timing auditReport:getReport Completed in 983ms
58 silly audit report {
58 silly audit report   'body-parser': [
58 silly audit report     {
58 silly audit report       id: 1099520,
58 silly audit report       url: 'https://github.com/advisories/GHSA-qwcr-r2fm-qrc7',
58 silly audit report       title: 'body-parser vulnerable to denial of service when url encoding is enabled',
58 silly audit report       severity: 'high',
58 silly audit report       vulnerable_versions: '<1.20.3'
58 silly audit report     }
58 silly audit report   ],
58 silly audit report   'path-to-regexp': [
58 silly audit report     {
58 silly audit report       id: 1099562,
58 silly audit report       url: 'https://github.com/advisories/GHSA-9wv6-86v2-598j',
58 silly audit report       title: 'path-to-regexp outputs backtracking regular expressions',
58 silly audit report       severity: 'high',
58 silly audit report       vulnerable_versions: '<0.1.10'
58 silly audit report     },
58 silly audit report     {
58 silly audit report       id: 1101081,
58 silly audit report       url: 'https://github.com/advisories/GHSA-rhx6-c78j-4q9w',
58 silly audit report       title: 'Unpatched `path-to-regexp` ReDoS in 0.1.x',
58 silly audit report       severity: 'moderate',
58 silly audit report       vulnerable_versions: '<0.1.12'
58 silly audit report     }
58 silly audit report   ],
58 silly audit report   cookie: [
58 silly audit report     {
58 silly audit report       id: 1099846,
58 silly audit report       url: 'https://github.com/advisories/GHSA-pxg6-pf52-xh8x',
58 silly audit report       title: 'cookie accepts cookie name, path, and domain with out of bounds characters',
58 silly audit report       severity: 'low',
58 silly audit report       vulnerable_versions: '<0.7.0'
58 silly audit report     }
58 silly audit report   ],
58 silly audit report   send: [
58 silly audit report     {
58 silly audit report       id: 1100526,
58 silly audit report       url: 'https://github.com/advisories/GHSA-m6fv-jmcg-4jfg',
58 silly audit report       title: 'send vulnerable to template injection that can lead to XSS',
58 silly audit report       severity: 'low',
58 silly audit report       vulnerable_versions: '<0.19.0'
58 silly audit report     }
58 silly audit report   ],
58 silly audit report   'serve-static': [
58 silly audit report     {
58 silly audit report       id: 1100528,
58 silly audit report       url: 'https://github.com/advisories/GHSA-cm22-4g7w-348p',
58 silly audit report       title: 'serve-static vulnerable to template injection that can lead to XSS',
58 silly audit report       severity: 'low',
58 silly audit report       vulnerable_versions: '<1.16.0'
58 silly audit report     }
58 silly audit report   ],
58 silly audit report   express: [
58 silly audit report     {
58 silly audit report       id: 1100530,
58 silly audit report       url: 'https://github.com/advisories/GHSA-qw6h-vgh9-j6wx',
58 silly audit report       title: 'express vulnerable to XSS via response.redirect()',
58 silly audit report       severity: 'low',
58 silly audit report       vulnerable_versions: '<4.20.0'
58 silly audit report     }
58 silly audit report   ]
58 silly audit report }
59 timing metavuln:cache:get:security-advisory:body-parser:uoEU0GS6gk35ZdcQ5nagZYzZcDz5Th0PEvPIVa8rzwbO20pRdxYbAhpIm6Wc5MALXoWb1C4X8WqCtH02U0Wo1A== Completed in 23ms
60 timing metavuln:cache:get:security-advisory:path-to-regexp:MGO+1pdJTigPi3TXGZyVn35t2czXVkYs+fgMO7RE91yslgH9FQoQuUVMgE+5KM1TF4oevhUauG5tddQcIK8Fzg== Completed in 21ms
61 timing metavuln:cache:get:security-advisory:path-to-regexp:2qdoAnGH3xB469g+aonHSVZDVP7zVBN7zKSrZom+Yx5jyXRqD98gvs0JcbJIcczqsPq3aVnw6g4EVzEWP24sQA== Completed in 21ms
62 timing metavuln:cache:get:security-advisory:cookie:fiAgy8LdsBPaQEbo7M3TC0K1AVc7Dl69m8P2pmr6RTs1eBYnkyvV6lHHCRB0mAKtL1TSQPXxJVEHOqp48Uvhag== Completed in 22ms
63 timing metavuln:cache:get:security-advisory:send:OO84Jm+bi6L8ol/TxvTv+544ykBtTelmjwigseeY2D0sCzg0KsHTtaRRJob9h32hC3fi9i3JSBR51oHF0vvyRQ== Completed in 20ms
64 timing metavuln:cache:get:security-advisory:serve-static:VyBBWzRCPk4QPwU71mkZJ+QZdwW0bnbx/lUJDdvhij3t67jGrB4z2A5Ryyta1VjZgpmZ9kuyannc46B7jSSuiQ== Completed in 19ms
65 timing metavuln:cache:get:security-advisory:express:Y6ACp2DmYM+0HQ/I8CvEhLQJwNp8DOoQ76C8ObH06Y0qG40PIuVRmOi3OWzwUOTASTLCIWqeicWSO/acR3aaGQ== Completed in 17ms
66 http fetch GET 200 https://registry.npmjs.org/uuid/-/uuid-10.0.0.tgz 1141ms (cache miss)
67 timing reifyNode:node_modules/uuid Completed in 1184ms
68 timing reify:unpack Completed in 1186ms
69 timing reify:unretire Completed in 1ms
70 timing build:queue Completed in 3ms
71 http fetch GET 200 https://registry.npmjs.org/cookie 271ms (cache miss)
72 timing metavuln:packument:cookie Completed in 272ms
73 timing metavuln:load:security-advisory:cookie:1099846 Completed in 6ms
74 timing build:link:node_modules/mime Completed in 43ms
75 timing build:link:node_modules/uuid Completed in 42ms
76 timing build:link Completed in 44ms
77 timing build:deps Completed in 48ms
78 timing build Completed in 49ms
79 timing reify:build Completed in 51ms
80 http fetch GET 200 https://registry.npmjs.org/send 309ms (cache miss)
81 timing metavuln:packument:send Completed in 315ms
82 timing metavuln:load:security-advisory:send:1100526 Completed in 13ms
83 http fetch GET 200 https://registry.npmjs.org/body-parser 385ms (cache miss)
84 timing metavuln:packument:body-parser Completed in 393ms
85 timing metavuln:load:security-advisory:body-parser:1099520 Completed in 18ms
86 timing reify:trash Completed in 191ms
87 http fetch GET 200 https://registry.npmjs.org/path-to-regexp 634ms (cache miss)
88 timing metavuln:packument:path-to-regexp Completed in 637ms
89 timing metavuln:load:security-advisory:path-to-regexp:1099562 Completed in 7ms
90 timing metavuln:load:security-advisory:path-to-regexp:1101081 Completed in 5ms
91 timing metavuln:cache:put:security-advisory:cookie:fiAgy8LdsBPaQEbo7M3TC0K1AVc7Dl69m8P2pmr6RTs1eBYnkyvV6lHHCRB0mAKtL1TSQPXxJVEHOqp48Uvhag== Completed in 386ms
92 timing metavuln:calculate:security-advisory:cookie:1099846 Completed in 666ms
93 timing reify:save Completed in 190ms
94 timing metavuln:cache:put:security-advisory:send:OO84Jm+bi6L8ol/TxvTv+544ykBtTelmjwigseeY2D0sCzg0KsHTtaRRJob9h32hC3fi9i3JSBR51oHF0vvyRQ== Completed in 445ms
95 timing metavuln:calculate:security-advisory:send:1100526 Completed in 775ms
96 timing metavuln:cache:put:security-advisory:body-parser:uoEU0GS6gk35ZdcQ5nagZYzZcDz5Th0PEvPIVa8rzwbO20pRdxYbAhpIm6Wc5MALXoWb1C4X8WqCtH02U0Wo1A== Completed in 372ms
97 timing metavuln:calculate:security-advisory:body-parser:1099520 Completed in 787ms
98 timing metavuln:cache:put:security-advisory:path-to-regexp:MGO+1pdJTigPi3TXGZyVn35t2czXVkYs+fgMO7RE91yslgH9FQoQuUVMgE+5KM1TF4oevhUauG5tddQcIK8Fzg== Completed in 142ms
99 timing metavuln:calculate:security-advisory:path-to-regexp:1099562 Completed in 786ms
100 timing metavuln:cache:put:security-advisory:path-to-regexp:2qdoAnGH3xB469g+aonHSVZDVP7zVBN7zKSrZom+Yx5jyXRqD98gvs0JcbJIcczqsPq3aVnw6g4EVzEWP24sQA== Completed in 136ms
101 timing metavuln:calculate:security-advisory:path-to-regexp:1101081 Completed in 786ms
102 http fetch GET 200 https://registry.npmjs.org/serve-static 784ms (cache miss)
103 timing metavuln:packument:serve-static Completed in 786ms
104 timing metavuln:load:security-advisory:serve-static:1100528 Completed in 4ms
105 timing metavuln:cache:put:security-advisory:serve-static:VyBBWzRCPk4QPwU71mkZJ+QZdwW0bnbx/lUJDdvhij3t67jGrB4z2A5Ryyta1VjZgpmZ9kuyannc46B7jSSuiQ== Completed in 11ms
106 timing metavuln:calculate:security-advisory:serve-static:1100528 Completed in 803ms
107 http fetch GET 200 https://registry.npmjs.org/express 804ms (cache miss)
108 timing metavuln:packument:express Completed in 815ms
109 timing metavuln:load:security-advisory:express:1100530 Completed in 57ms
110 timing metavuln:cache:put:security-advisory:express:Y6ACp2DmYM+0HQ/I8CvEhLQJwNp8DOoQ76C8ObH06Y0qG40PIuVRmOi3OWzwUOTASTLCIWqeicWSO/acR3aaGQ== Completed in 8ms
111 timing metavuln:calculate:security-advisory:express:1100530 Completed in 883ms
112 timing metavuln:cache:get:security-advisory:express:jvTd6gzTcOHtTpI+4CX7Ne4qICdj+n1Uun+dHPDk1JAyy9ltqA8JnsvVhBi+M0Y+kR5QoSv5YqjecJACWBUhEA== Completed in 1ms
113 timing metavuln:load:security-advisory:express:uoEU0GS6gk35ZdcQ5nagZYzZcDz5Th0PEvPIVa8rzwbO20pRdxYbAhpIm6Wc5MALXoWb1C4X8WqCtH02U0Wo1A== Completed in 81ms
114 timing metavuln:cache:put:security-advisory:express:jvTd6gzTcOHtTpI+4CX7Ne4qICdj+n1Uun+dHPDk1JAyy9ltqA8JnsvVhBi+M0Y+kR5QoSv5YqjecJACWBUhEA== Completed in 14ms
115 timing metavuln:calculate:security-advisory:express:uoEU0GS6gk35ZdcQ5nagZYzZcDz5Th0PEvPIVa8rzwbO20pRdxYbAhpIm6Wc5MALXoWb1C4X8WqCtH02U0Wo1A== Completed in 97ms
116 timing metavuln:cache:get:security-advisory:express:rT3NvJVkQ/88Msx6/Jy+yX0rnG51IL6fcI7HNTejs6EC3xbaoIFvF8zk2TGhCwnefscotuiJiewzaHZjBqrORQ== Completed in 1ms
117 timing metavuln:load:security-advisory:express:MGO+1pdJTigPi3TXGZyVn35t2czXVkYs+fgMO7RE91yslgH9FQoQuUVMgE+5KM1TF4oevhUauG5tddQcIK8Fzg== Completed in 85ms
118 timing metavuln:cache:put:security-advisory:express:rT3NvJVkQ/88Msx6/Jy+yX0rnG51IL6fcI7HNTejs6EC3xbaoIFvF8zk2TGhCwnefscotuiJiewzaHZjBqrORQ== Completed in 23ms
119 timing metavuln:calculate:security-advisory:express:MGO+1pdJTigPi3TXGZyVn35t2czXVkYs+fgMO7RE91yslgH9FQoQuUVMgE+5KM1TF4oevhUauG5tddQcIK8Fzg== Completed in 111ms
120 timing metavuln:cache:get:security-advisory:express:wpiLhoazHuPn1BZx3aoZElXRJGtv0L0hAoLu6mSYyQJJZRllThEbX+Zz/Sao2aEUznMvCOKVfYofpLqfRxfcfQ== Completed in 1ms
121 timing metavuln:load:security-advisory:express:fiAgy8LdsBPaQEbo7M3TC0K1AVc7Dl69m8P2pmr6RTs1eBYnkyvV6lHHCRB0mAKtL1TSQPXxJVEHOqp48Uvhag== Completed in 82ms
122 timing metavuln:cache:put:security-advisory:express:wpiLhoazHuPn1BZx3aoZElXRJGtv0L0hAoLu6mSYyQJJZRllThEbX+Zz/Sao2aEUznMvCOKVfYofpLqfRxfcfQ== Completed in 12ms
123 timing metavuln:calculate:security-advisory:express:fiAgy8LdsBPaQEbo7M3TC0K1AVc7Dl69m8P2pmr6RTs1eBYnkyvV6lHHCRB0mAKtL1TSQPXxJVEHOqp48Uvhag== Completed in 96ms
124 timing metavuln:cache:get:security-advisory:express:Qe6VF1gD5PmAmaVNrJr0J8EQ8Qwml8HW8gKRPrVTt49nXoALpdty5p0HEWXknOQEYO9qrvzPNstxfrAZkwfmTA== Completed in 2ms
125 timing metavuln:load:security-advisory:express:OO84Jm+bi6L8ol/TxvTv+544ykBtTelmjwigseeY2D0sCzg0KsHTtaRRJob9h32hC3fi9i3JSBR51oHF0vvyRQ== Completed in 182ms
126 timing metavuln:cache:get:security-advisory:serve-static:rFrbBZRsSM/oAPkR1kIOYwnT14s34lSDNsxxJua0O3dwCHVL9UuENLbLNsnwWaFICcgsfpfgwdjwWHwu1nJzWQ== Completed in 184ms
127 timing metavuln:load:security-advisory:serve-static:OO84Jm+bi6L8ol/TxvTv+544ykBtTelmjwigseeY2D0sCzg0KsHTtaRRJob9h32hC3fi9i3JSBR51oHF0vvyRQ== Completed in 27ms
128 timing metavuln:cache:put:security-advisory:express:Qe6VF1gD5PmAmaVNrJr0J8EQ8Qwml8HW8gKRPrVTt49nXoALpdty5p0HEWXknOQEYO9qrvzPNstxfrAZkwfmTA== Completed in 93ms
129 timing metavuln:calculate:security-advisory:express:OO84Jm+bi6L8ol/TxvTv+544ykBtTelmjwigseeY2D0sCzg0KsHTtaRRJob9h32hC3fi9i3JSBR51oHF0vvyRQ== Completed in 277ms
130 timing metavuln:cache:put:security-advisory:serve-static:rFrbBZRsSM/oAPkR1kIOYwnT14s34lSDNsxxJua0O3dwCHVL9UuENLbLNsnwWaFICcgsfpfgwdjwWHwu1nJzWQ== Completed in 65ms
131 timing metavuln:calculate:security-advisory:serve-static:OO84Jm+bi6L8ol/TxvTv+544ykBtTelmjwigseeY2D0sCzg0KsHTtaRRJob9h32hC3fi9i3JSBR51oHF0vvyRQ== Completed in 277ms
132 timing metavuln:cache:get:security-advisory:express:kykTo4VuC2rM2MB0/ANQ51tOegcUPd67Lh4iIK7TUUpqt61eQaJ70XtItcffrJ8PoIYxwtnuqm5DJGT19JMA/A== Completed in 0ms
133 timing metavuln:load:security-advisory:express:VyBBWzRCPk4QPwU71mkZJ+QZdwW0bnbx/lUJDdvhij3t67jGrB4z2A5Ryyta1VjZgpmZ9kuyannc46B7jSSuiQ== Completed in 50ms
134 timing metavuln:cache:put:security-advisory:express:kykTo4VuC2rM2MB0/ANQ51tOegcUPd67Lh4iIK7TUUpqt61eQaJ70XtItcffrJ8PoIYxwtnuqm5DJGT19JMA/A== Completed in 8ms
135 timing metavuln:calculate:security-advisory:express:VyBBWzRCPk4QPwU71mkZJ+QZdwW0bnbx/lUJDdvhij3t67jGrB4z2A5Ryyta1VjZgpmZ9kuyannc46B7jSSuiQ== Completed in 59ms
136 timing metavuln:cache:get:security-advisory:express-ws:MXVXSQoSu7Yp7pLwji+H1igWmjo6Q8AcjT6PKMBtpZXJXAHvG3jkzlIu/furO2KR2jL3mE+2JuFDAcNFqG1/wA== Completed in 3ms
137 http fetch GET 200 https://registry.npmjs.org/express-ws 680ms (cache miss)
138 timing metavuln:packument:express-ws Completed in 731ms
139 timing metavuln:load:security-advisory:express-ws:Y6ACp2DmYM+0HQ/I8CvEhLQJwNp8DOoQ76C8ObH06Y0qG40PIuVRmOi3OWzwUOTASTLCIWqeicWSO/acR3aaGQ== Completed in 20ms
140 timing metavuln:cache:put:security-advisory:express-ws:MXVXSQoSu7Yp7pLwji+H1igWmjo6Q8AcjT6PKMBtpZXJXAHvG3jkzlIu/furO2KR2jL3mE+2JuFDAcNFqG1/wA== Completed in 11ms
141 timing metavuln:calculate:security-advisory:express-ws:Y6ACp2DmYM+0HQ/I8CvEhLQJwNp8DOoQ76C8ObH06Y0qG40PIuVRmOi3OWzwUOTASTLCIWqeicWSO/acR3aaGQ== Completed in 764ms
142 timing auditReport:init Completed in 2341ms
143 timing reify:audit Completed in 3330ms
144 timing reify Completed in 4036ms
145 silly CHANGE node_modules/uuid
146 silly CHANGE node_modules/mime
147 timing command:install Completed in 4112ms
148 notice
148 notice New [31mmajor[39m version of npm available! [31m9.8.1[39m -> [32m10.9.2[39m
148 notice Changelog: [36mhttps://github.com/npm/cli/releases/tag/v10.9.2[39m
148 notice Run [32mnpm install -g npm@10.9.2[39m to update!
148 notice
149 verbose exit 0
150 timing npm Completed in 4940ms
151 info ok
