0 verbose cli /usr/local/bin/node /usr/local/bin/npm
1 info using npm@9.8.1
2 info using node@v19.9.0
3 timing npm:load:whichnode Completed in 5ms
4 timing config:load:defaults Completed in 7ms
5 timing config:load:file:/usr/local/lib/node_modules/npm/npmrc Completed in 34ms
6 timing config:load:builtin Completed in 35ms
7 timing config:load:cli Completed in 12ms
8 timing config:load:env Completed in 1ms
9 timing config:load:project Completed in 4ms
10 timing config:load:file:/home/container/.npmrc Completed in 0ms
11 timing config:load:user Completed in 0ms
12 timing config:load:file:/usr/local/etc/npmrc Completed in 0ms
13 timing config:load:global Completed in 0ms
14 timing config:load:setEnvs Completed in 3ms
15 timing config:load Completed in 68ms
16 timing npm:load:configload Completed in 68ms
17 timing config:load:flatten Completed in 35ms
18 timing npm:load:mkdirpcache Completed in 0ms
19 timing npm:load:mkdirplogs Completed in 2ms
20 verbose title npm install
21 verbose argv "install"
22 timing npm:load:setTitle Completed in 4ms
23 timing npm:load:display Completed in 3ms
24 verbose logfile logs-max:10 dir:/home/container/.npm/_logs/2024-12-08T19_26_46_998Z-
25 verbose logfile /home/container/.npm/_logs/2024-12-08T19_26_46_998Z-debug-0.log
26 timing npm:load:logFile Completed in 37ms
27 timing npm:load:timers Completed in 0ms
28 timing npm:load:configScope Completed in 1ms
29 timing npm:load Completed in 198ms
30 timing arborist:ctor Completed in 3ms
31 silly logfile done cleaning log files
32 timing idealTree:init Completed in 268ms
33 timing idealTree:userRequests Completed in 1ms
34 silly idealTree buildDeps
35 timing idealTree:#root Completed in 0ms
36 timing idealTree:buildDeps Completed in 4ms
37 timing idealTree:fixDepFlags Completed in 0ms
38 timing idealTree Completed in 284ms
39 timing arborist:ctor Completed in 1ms
40 timing reify:loadTrees Completed in 366ms
41 timing reify:diffTrees Completed in 10ms
42 silly reify moves {}
43 timing reify:retireShallow Completed in 2ms
44 timing reify:createSparse Completed in 0ms
45 timing reify:loadBundles Completed in 0ms
46 silly audit bulk request {
46 silly audit   '@types/node': [ '18.0.6' ],
46 silly audit   accepts: [ '1.3.8' ],
46 silly audit   'array-flatten': [ '1.1.1' ],
46 silly audit   'body-parser': [ '1.20.2' ],
46 silly audit   bytes: [ '3.1.2' ],
46 silly audit   'call-bind': [ '1.0.7' ],
46 silly audit   'content-disposition': [ '0.5.4' ],
46 silly audit   'content-type': [ '1.0.5' ],
46 silly audit   cookie: [ '0.6.0' ],
46 silly audit   'cookie-signature': [ '1.0.6' ],
46 silly audit   cors: [ '2.8.5' ],
46 silly audit   debug: [ '2.6.9' ],
46 silly audit   'define-data-property': [ '1.1.4' ],
46 silly audit   depd: [ '2.0.0' ],
46 silly audit   destroy: [ '1.2.0' ],
46 silly audit   'ee-first': [ '1.1.1' ],
46 silly audit   encodeurl: [ '1.0.2' ],
46 silly audit   'es-define-property': [ '1.0.0' ],
46 silly audit   'es-errors': [ '1.3.0' ],
46 silly audit   'escape-html': [ '1.0.3' ],
46 silly audit   etag: [ '1.8.1' ],
46 silly audit   express: [ '4.19.2' ],
46 silly audit   'express-ws': [ '5.0.2' ],
46 silly audit   finalhandler: [ '1.2.0' ],
46 silly audit   forwarded: [ '0.2.0' ],
46 silly audit   fresh: [ '0.5.2' ],
46 silly audit   fs: [ '0.0.1-security' ],
46 silly audit   'function-bind': [ '1.1.2' ],
46 silly audit   'get-intrinsic': [ '1.2.4' ],
46 silly audit   gopd: [ '1.0.1' ],
46 silly audit   'has-property-descriptors': [ '1.0.2' ],
46 silly audit   'has-proto': [ '1.0.3' ],
46 silly audit   'has-symbols': [ '1.0.3' ],
46 silly audit   hasown: [ '2.0.2' ],
46 silly audit   'http-errors': [ '2.0.0' ],
46 silly audit   inherits: [ '2.0.4', '2.0.3' ],
46 silly audit   'iconv-lite': [ '0.4.24' ],
46 silly audit   'ipaddr.js': [ '1.9.1' ],
46 silly audit   'media-typer': [ '0.3.0' ],
46 silly audit   'merge-descriptors': [ '1.0.1' ],
46 silly audit   methods: [ '1.1.2' ],
46 silly audit   mime: [ '1.6.0' ],
46 silly audit   'mime-db': [ '1.52.0' ],
46 silly audit   'mime-types': [ '2.1.35' ],
46 silly audit   ms: [ '2.0.0', '2.1.3' ],
46 silly audit   negotiator: [ '0.6.3' ],
46 silly audit   'object-assign': [ '4.1.1' ],
46 silly audit   'object-inspect': [ '1.13.2' ],
46 silly audit   'on-finished': [ '2.4.1' ],
46 silly audit   parseurl: [ '1.3.3' ],
46 silly audit   path: [ '0.12.7' ],
46 silly audit   'path-to-regexp': [ '0.1.7' ],
46 silly audit   process: [ '0.11.10' ],
46 silly audit   'proxy-addr': [ '2.0.7' ],
46 silly audit   qs: [ '6.11.0' ],
46 silly audit   'range-parser': [ '1.2.1' ],
46 silly audit   'raw-body': [ '2.5.2' ],
46 silly audit   'safe-buffer': [ '5.2.1' ],
46 silly audit   'safer-buffer': [ '2.1.2' ],
46 silly audit   send: [ '0.18.0' ],
46 silly audit   'serve-static': [ '1.15.0' ],
46 silly audit   'set-function-length': [ '1.2.2' ],
46 silly audit   setprototypeof: [ '1.2.0' ],
46 silly audit   'side-channel': [ '1.0.6' ],
46 silly audit   statuses: [ '2.0.1' ],
46 silly audit   toidentifier: [ '1.0.1' ],
46 silly audit   'type-is': [ '1.6.18' ],
46 silly audit   unpipe: [ '1.0.0' ],
46 silly audit   util: [ '0.10.4' ],
46 silly audit   'utils-merge': [ '1.0.1' ],
46 silly audit   uuid: [ '10.0.0' ],
46 silly audit   vary: [ '1.1.2' ],
46 silly audit   ws: [ '7.5.10' ]
46 silly audit }
47 timing reify:unpack Completed in 7ms
48 timing reify:unretire Completed in 1ms
49 timing build:queue Completed in 0ms
50 timing build:deps Completed in 1ms
51 timing build Completed in 1ms
52 timing reify:build Completed in 2ms
53 timing reify:trash Completed in 0ms
54 timing reify:save Completed in 116ms
55 http fetch POST 503 https://registry.npmjs.org/-/npm/v1/security/advisories/bulk 694ms
56 silly audit bulk request failed [object Object]
57 http fetch POST 400 https://registry.npmjs.org/-/npm/v1/security/audits/quick 283ms
58 verbose audit error HttpErrorGeneral: 400 Bad Request - POST https://registry.npmjs.org/-/npm/v1/security/audits/quick - Bad Request
58 verbose audit error     at /usr/local/lib/node_modules/npm/node_modules/npm-registry-fetch/lib/check-response.js:95:15
58 verbose audit error     at process.processTicksAndRejections (node:internal/process/task_queues:95:5)
58 verbose audit error     at async [getReport] (/usr/local/lib/node_modules/npm/node_modules/@npmcli/arborist/lib/audit-report.js:335:21)
58 verbose audit error     at async AuditReport.run (/usr/local/lib/node_modules/npm/node_modules/@npmcli/arborist/lib/audit-report.js:106:19)
58 verbose audit error     at async Arborist.reify (/usr/local/lib/node_modules/npm/node_modules/@npmcli/arborist/lib/arborist/reify.js:179:24)
58 verbose audit error     at async Install.exec (/usr/local/lib/node_modules/npm/lib/commands/install.js:149:5)
58 verbose audit error     at async module.exports (/usr/local/lib/node_modules/npm/lib/cli-entry.js:61:5) {
58 verbose audit error   headers: [Object: null prototype] {
58 verbose audit error     date: [ 'Sun, 08 Dec 2024 19:26:49 GMT' ],
58 verbose audit error     'transfer-encoding': [ 'chunked' ],
58 verbose audit error     connection: [ 'keep-alive' ],
58 verbose audit error     'cf-ray': [ '8eef2634ee431c7a-AMS' ],
58 verbose audit error     'cf-cache-status': [ 'DYNAMIC' ],
58 verbose audit error     vary: [ 'Accept-Encoding' ],
58 verbose audit error     server: [ 'cloudflare' ],
58 verbose audit error     'x-fetch-attempts': [ '1' ]
58 verbose audit error   },
58 verbose audit error   statusCode: 400,
58 verbose audit error   code: 'E400',
58 verbose audit error   method: 'POST',
58 verbose audit error   uri: 'https://registry.npmjs.org/-/npm/v1/security/audits/quick',
58 verbose audit error   body: {
58 verbose audit error     statusCode: 400,
58 verbose audit error     error: 'Bad Request',
58 verbose audit error     message: 'Invalid package tree, run  npm install  to rebuild your package-lock.json'
58 verbose audit error   },
58 verbose audit error   pkgid: undefined
58 verbose audit error }
59 silly audit error [object Object]
60 timing auditReport:getReport Completed in 1031ms
61 silly audit report null
62 timing reify:audit Completed in 1032ms
63 timing reify Completed in 1441ms
64 timing command:install Completed in 1479ms
65 verbose exit 0
66 timing npm Completed in 2360ms
67 info ok
