0 verbose cli /usr/local/bin/node /usr/local/bin/npm
1 info using npm@9.8.1
2 info using node@v19.9.0
3 timing npm:load:whichnode Completed in 4ms
4 timing config:load:defaults Completed in 5ms
5 timing config:load:file:/usr/local/lib/node_modules/npm/npmrc Completed in 6ms
6 timing config:load:builtin Completed in 7ms
7 timing config:load:cli Completed in 6ms
8 timing config:load:env Completed in 1ms
9 timing config:load:project Completed in 9ms
10 timing config:load:file:/home/container/.npmrc Completed in 1ms
11 timing config:load:user Completed in 1ms
12 timing config:load:file:/usr/local/etc/npmrc Completed in 0ms
13 timing config:load:global Completed in 1ms
14 timing config:load:setEnvs Completed in 2ms
15 timing config:load Completed in 34ms
16 timing npm:load:configload Completed in 34ms
17 timing config:load:flatten Completed in 8ms
18 timing npm:load:mkdirpcache Completed in 1ms
19 timing npm:load:mkdirplogs Completed in 0ms
20 verbose title npm install
21 verbose argv "install"
22 timing npm:load:setTitle Completed in 2ms
23 timing npm:load:display Completed in 2ms
24 verbose logfile logs-max:10 dir:/home/container/.npm/_logs/2025-01-11T20_01_05_489Z-
25 verbose logfile /home/container/.npm/_logs/2025-01-11T20_01_05_489Z-debug-0.log
26 timing npm:load:logFile Completed in 23ms
27 timing npm:load:timers Completed in 1ms
28 timing npm:load:configScope Completed in 0ms
29 timing npm:load Completed in 159ms
30 timing arborist:ctor Completed in 3ms
31 silly logfile done cleaning log files
32 timing idealTree:init Completed in 343ms
33 timing idealTree:userRequests Completed in 1ms
34 silly idealTree buildDeps
35 timing idealTree:#root Completed in 0ms
36 timing idealTree:buildDeps Completed in 4ms
37 timing idealTree:fixDepFlags Completed in 1ms
38 timing idealTree Completed in 363ms
39 timing arborist:ctor Completed in 1ms
40 timing reify:loadTrees Completed in 460ms
41 timing reify:diffTrees Completed in 16ms
42 silly reify moves {}
43 timing reify:retireShallow Completed in 4ms
44 timing reify:createSparse Completed in 0ms
45 timing reify:loadBundles Completed in 0ms
46 silly audit bulk request {
46 silly audit   '@types/node': [ '18.0.6' ],
46 silly audit   accepts: [ '1.3.8' ],
46 silly audit   'array-flatten': [ '1.1.1' ],
46 silly audit   asynckit: [ '0.4.0' ],
46 silly audit   axios: [ '1.7.9' ],
46 silly audit   'body-parser': [ '1.20.2' ],
46 silly audit   bytes: [ '3.1.2' ],
46 silly audit   'call-bind': [ '1.0.7' ],
46 silly audit   'combined-stream': [ '1.0.8' ],
46 silly audit   'content-disposition': [ '0.5.4' ],
46 silly audit   'content-type': [ '1.0.5' ],
46 silly audit   cookie: [ '0.6.0' ],
46 silly audit   'cookie-signature': [ '1.0.6' ],
46 silly audit   cors: [ '2.8.5' ],
46 silly audit   debug: [ '2.6.9' ],
46 silly audit   'define-data-property': [ '1.1.4' ],
46 silly audit   'delayed-stream': [ '1.0.0' ],
46 silly audit   depd: [ '2.0.0' ],
46 silly audit   destroy: [ '1.2.0' ],
46 silly audit   'ee-first': [ '1.1.1' ],
46 silly audit   encodeurl: [ '1.0.2' ],
46 silly audit   'es-define-property': [ '1.0.0' ],
46 silly audit   'es-errors': [ '1.3.0' ],
46 silly audit   'escape-html': [ '1.0.3' ],
46 silly audit   etag: [ '1.8.1' ],
46 silly audit   express: [ '4.19.2' ],
46 silly audit   'express-ws': [ '5.0.2' ],
46 silly audit   finalhandler: [ '1.2.0' ],
46 silly audit   'follow-redirects': [ '1.15.9' ],
46 silly audit   'form-data': [ '4.0.1' ],
46 silly audit   forwarded: [ '0.2.0' ],
46 silly audit   fresh: [ '0.5.2' ],
46 silly audit   fs: [ '0.0.1-security' ],
46 silly audit   'function-bind': [ '1.1.2' ],
46 silly audit   'get-intrinsic': [ '1.2.4' ],
46 silly audit   gopd: [ '1.0.1' ],
46 silly audit   'has-property-descriptors': [ '1.0.2' ],
46 silly audit   'has-proto': [ '1.0.3' ],
46 silly audit   'has-symbols': [ '1.0.3' ],
46 silly audit   hasown: [ '2.0.2' ],
46 silly audit   'http-errors': [ '2.0.0' ],
46 silly audit   inherits: [ '2.0.4', '2.0.3' ],
46 silly audit   'iconv-lite': [ '0.4.24' ],
46 silly audit   'ipaddr.js': [ '1.9.1' ],
46 silly audit   'media-typer': [ '0.3.0' ],
46 silly audit   'merge-descriptors': [ '1.0.1' ],
46 silly audit   methods: [ '1.1.2' ],
46 silly audit   mime: [ '1.6.0' ],
46 silly audit   'mime-db': [ '1.52.0' ],
46 silly audit   'mime-types': [ '2.1.35' ],
46 silly audit   ms: [ '2.0.0', '2.1.3' ],
46 silly audit   negotiator: [ '0.6.3' ],
46 silly audit   'object-assign': [ '4.1.1' ],
46 silly audit   'object-inspect': [ '1.13.2' ],
46 silly audit   'on-finished': [ '2.4.1' ],
46 silly audit   parseurl: [ '1.3.3' ],
46 silly audit   path: [ '0.12.7' ],
46 silly audit   'path-to-regexp': [ '0.1.7' ],
46 silly audit   process: [ '0.11.10' ],
46 silly audit   'proxy-addr': [ '2.0.7' ],
46 silly audit   'proxy-from-env': [ '1.1.0' ],
46 silly audit   qs: [ '6.11.0' ],
46 silly audit   'range-parser': [ '1.2.1' ],
46 silly audit   'raw-body': [ '2.5.2' ],
46 silly audit   'safe-buffer': [ '5.2.1' ],
46 silly audit   'safer-buffer': [ '2.1.2' ],
46 silly audit   send: [ '0.18.0' ],
46 silly audit   'serve-static': [ '1.15.0' ],
46 silly audit   'set-function-length': [ '1.2.2' ],
46 silly audit   setprototypeof: [ '1.2.0' ],
46 silly audit   'side-channel': [ '1.0.6' ],
46 silly audit   statuses: [ '2.0.1' ],
46 silly audit   toidentifier: [ '1.0.1' ],
46 silly audit   'type-is': [ '1.6.18' ],
46 silly audit   unpipe: [ '1.0.0' ],
46 silly audit   util: [ '0.10.4' ],
46 silly audit   'utils-merge': [ '1.0.1' ],
46 silly audit   uuid: [ '10.0.0' ],
46 silly audit   vary: [ '1.1.2' ],
46 silly audit   ws: [ '7.5.10' ]
46 silly audit }
47 timing reify:unpack Completed in 8ms
48 timing reify:unretire Completed in 0ms
49 timing build:queue Completed in 0ms
50 timing build:deps Completed in 0ms
51 timing build Completed in 2ms
52 timing reify:build Completed in 3ms
53 timing reify:trash Completed in 0ms
54 timing reify:save Completed in 142ms
55 http fetch POST 200 https://registry.npmjs.org/-/npm/v1/security/advisories/bulk 786ms
56 timing auditReport:getReport Completed in 799ms
57 silly audit report {
57 silly audit report   'body-parser': [
57 silly audit report     {
57 silly audit report       id: 1099520,
57 silly audit report       url: 'https://github.com/advisories/GHSA-qwcr-r2fm-qrc7',
57 silly audit report       title: 'body-parser vulnerable to denial of service when url encoding is enabled',
57 silly audit report       severity: 'high',
57 silly audit report       vulnerable_versions: '<1.20.3',
57 silly audit report       cwe: [Array],
57 silly audit report       cvss: [Object]
57 silly audit report     }
57 silly audit report   ],
57 silly audit report   cookie: [
57 silly audit report     {
57 silly audit report       id: 1099846,
57 silly audit report       url: 'https://github.com/advisories/GHSA-pxg6-pf52-xh8x',
57 silly audit report       title: 'cookie accepts cookie name, path, and domain with out of bounds characters',
57 silly audit report       severity: 'low',
57 silly audit report       vulnerable_versions: '<0.7.0',
57 silly audit report       cwe: [Array],
57 silly audit report       cvss: [Object]
57 silly audit report     }
57 silly audit report   ],
57 silly audit report   express: [
57 silly audit report     {
57 silly audit report       id: 1100530,
57 silly audit report       url: 'https://github.com/advisories/GHSA-qw6h-vgh9-j6wx',
57 silly audit report       title: 'express vulnerable to XSS via response.redirect()',
57 silly audit report       severity: 'low',
57 silly audit report       vulnerable_versions: '<4.20.0',
57 silly audit report       cwe: [Array],
57 silly audit report       cvss: [Object]
57 silly audit report     }
57 silly audit report   ],
57 silly audit report   'path-to-regexp': [
57 silly audit report     {
57 silly audit report       id: 1101081,
57 silly audit report       url: 'https://github.com/advisories/GHSA-rhx6-c78j-4q9w',
57 silly audit report       title: 'Unpatched `path-to-regexp` ReDoS in 0.1.x',
57 silly audit report       severity: 'moderate',
57 silly audit report       vulnerable_versions: '<0.1.12',
57 silly audit report       cwe: [Array],
57 silly audit report       cvss: [Object]
57 silly audit report     },
57 silly audit report     {
57 silly audit report       id: 1099562,
57 silly audit report       url: 'https://github.com/advisories/GHSA-9wv6-86v2-598j',
57 silly audit report       title: 'path-to-regexp outputs backtracking regular expressions',
57 silly audit report       severity: 'high',
57 silly audit report       vulnerable_versions: '<0.1.10',
57 silly audit report       cwe: [Array],
57 silly audit report       cvss: [Object]
57 silly audit report     }
57 silly audit report   ],
57 silly audit report   send: [
57 silly audit report     {
57 silly audit report       id: 1100526,
57 silly audit report       url: 'https://github.com/advisories/GHSA-m6fv-jmcg-4jfg',
57 silly audit report       title: 'send vulnerable to template injection that can lead to XSS',
57 silly audit report       severity: 'low',
57 silly audit report       vulnerable_versions: '<0.19.0',
57 silly audit report       cwe: [Array],
57 silly audit report       cvss: [Object]
57 silly audit report     }
57 silly audit report   ],
57 silly audit report   'serve-static': [
57 silly audit report     {
57 silly audit report       id: 1100528,
57 silly audit report       url: 'https://github.com/advisories/GHSA-cm22-4g7w-348p',
57 silly audit report       title: 'serve-static vulnerable to template injection that can lead to XSS',
57 silly audit report       severity: 'low',
57 silly audit report       vulnerable_versions: '<1.16.0',
57 silly audit report       cwe: [Array],
57 silly audit report       cvss: [Object]
57 silly audit report     }
57 silly audit report   ]
57 silly audit report }
58 timing metavuln:cache:get:security-advisory:body-parser:uoEU0GS6gk35ZdcQ5nagZYzZcDz5Th0PEvPIVa8rzwbO20pRdxYbAhpIm6Wc5MALXoWb1C4X8WqCtH02U0Wo1A== Completed in 55ms
59 timing metavuln:cache:get:security-advisory:cookie:fiAgy8LdsBPaQEbo7M3TC0K1AVc7Dl69m8P2pmr6RTs1eBYnkyvV6lHHCRB0mAKtL1TSQPXxJVEHOqp48Uvhag== Completed in 52ms
60 timing metavuln:cache:get:security-advisory:express:Y6ACp2DmYM+0HQ/I8CvEhLQJwNp8DOoQ76C8ObH06Y0qG40PIuVRmOi3OWzwUOTASTLCIWqeicWSO/acR3aaGQ== Completed in 52ms
61 timing metavuln:cache:get:security-advisory:path-to-regexp:2qdoAnGH3xB469g+aonHSVZDVP7zVBN7zKSrZom+Yx5jyXRqD98gvs0JcbJIcczqsPq3aVnw6g4EVzEWP24sQA== Completed in 53ms
62 timing metavuln:cache:get:security-advisory:path-to-regexp:MGO+1pdJTigPi3TXGZyVn35t2czXVkYs+fgMO7RE91yslgH9FQoQuUVMgE+5KM1TF4oevhUauG5tddQcIK8Fzg== Completed in 52ms
63 timing metavuln:cache:get:security-advisory:send:OO84Jm+bi6L8ol/TxvTv+544ykBtTelmjwigseeY2D0sCzg0KsHTtaRRJob9h32hC3fi9i3JSBR51oHF0vvyRQ== Completed in 52ms
64 timing metavuln:cache:get:security-advisory:serve-static:VyBBWzRCPk4QPwU71mkZJ+QZdwW0bnbx/lUJDdvhij3t67jGrB4z2A5Ryyta1VjZgpmZ9kuyannc46B7jSSuiQ== Completed in 52ms
65 http fetch GET 200 https://registry.npmjs.org/express 125ms (cache hit)
66 timing metavuln:packument:express Completed in 153ms
67 timing metavuln:load:security-advisory:express:1100530 Completed in 13ms
68 timing metavuln:calculate:security-advisory:express:1100530 Completed in 168ms
69 http fetch GET 200 https://registry.npmjs.org/body-parser 172ms (cache hit)
70 timing metavuln:packument:body-parser Completed in 178ms
71 timing metavuln:load:security-advisory:body-parser:1099520 Completed in 2ms
72 timing metavuln:calculate:security-advisory:body-parser:1099520 Completed in 182ms
73 http fetch GET 200 https://registry.npmjs.org/path-to-regexp 175ms (cache hit)
74 timing metavuln:packument:path-to-regexp Completed in 179ms
75 timing metavuln:load:security-advisory:path-to-regexp:1101081 Completed in 1ms
76 timing metavuln:calculate:security-advisory:path-to-regexp:1101081 Completed in 180ms
77 timing metavuln:load:security-advisory:path-to-regexp:1099562 Completed in 1ms
78 timing metavuln:calculate:security-advisory:path-to-regexp:1099562 Completed in 180ms
79 http fetch GET 200 https://registry.npmjs.org/cookie 182ms (cache hit)
80 timing metavuln:packument:cookie Completed in 184ms
81 timing metavuln:load:security-advisory:cookie:1099846 Completed in 0ms
82 timing metavuln:calculate:security-advisory:cookie:1099846 Completed in 186ms
83 http fetch GET 200 https://registry.npmjs.org/send 184ms (cache hit)
84 timing metavuln:packument:send Completed in 188ms
85 timing metavuln:load:security-advisory:send:1100526 Completed in 2ms
86 timing metavuln:calculate:security-advisory:send:1100526 Completed in 190ms
87 http fetch GET 200 https://registry.npmjs.org/serve-static 191ms (cache hit)
88 timing metavuln:packument:serve-static Completed in 193ms
89 timing metavuln:load:security-advisory:serve-static:1100528 Completed in 1ms
90 timing metavuln:calculate:security-advisory:serve-static:1100528 Completed in 196ms
91 timing metavuln:cache:get:security-advisory:express:jvTd6gzTcOHtTpI+4CX7Ne4qICdj+n1Uun+dHPDk1JAyy9ltqA8JnsvVhBi+M0Y+kR5QoSv5YqjecJACWBUhEA== Completed in 4ms
92 timing metavuln:load:security-advisory:express:uoEU0GS6gk35ZdcQ5nagZYzZcDz5Th0PEvPIVa8rzwbO20pRdxYbAhpIm6Wc5MALXoWb1C4X8WqCtH02U0Wo1A== Completed in 4ms
93 timing metavuln:calculate:security-advisory:express:uoEU0GS6gk35ZdcQ5nagZYzZcDz5Th0PEvPIVa8rzwbO20pRdxYbAhpIm6Wc5MALXoWb1C4X8WqCtH02U0Wo1A== Completed in 8ms
94 timing metavuln:cache:get:security-advisory:express:wpiLhoazHuPn1BZx3aoZElXRJGtv0L0hAoLu6mSYyQJJZRllThEbX+Zz/Sao2aEUznMvCOKVfYofpLqfRxfcfQ== Completed in 4ms
95 timing metavuln:load:security-advisory:express:fiAgy8LdsBPaQEbo7M3TC0K1AVc7Dl69m8P2pmr6RTs1eBYnkyvV6lHHCRB0mAKtL1TSQPXxJVEHOqp48Uvhag== Completed in 35ms
96 timing metavuln:calculate:security-advisory:express:fiAgy8LdsBPaQEbo7M3TC0K1AVc7Dl69m8P2pmr6RTs1eBYnkyvV6lHHCRB0mAKtL1TSQPXxJVEHOqp48Uvhag== Completed in 41ms
97 timing metavuln:cache:get:security-advisory:express-ws:MXVXSQoSu7Yp7pLwji+H1igWmjo6Q8AcjT6PKMBtpZXJXAHvG3jkzlIu/furO2KR2jL3mE+2JuFDAcNFqG1/wA== Completed in 13ms
98 http fetch GET 200 https://registry.npmjs.org/express-ws 25ms (cache hit)
99 timing metavuln:packument:express-ws Completed in 27ms
100 timing metavuln:load:security-advisory:express-ws:Y6ACp2DmYM+0HQ/I8CvEhLQJwNp8DOoQ76C8ObH06Y0qG40PIuVRmOi3OWzwUOTASTLCIWqeicWSO/acR3aaGQ== Completed in 0ms
101 timing metavuln:calculate:security-advisory:express-ws:Y6ACp2DmYM+0HQ/I8CvEhLQJwNp8DOoQ76C8ObH06Y0qG40PIuVRmOi3OWzwUOTASTLCIWqeicWSO/acR3aaGQ== Completed in 29ms
102 timing metavuln:cache:get:security-advisory:express:ebtUTbPFP4GLpEWnCv5+nWyKme1GvNGh2ld1QU5lNTXxEKWFf6g6IO59JyRhLIuY6S5UVcC4dpdRfp+Zookh0g== Completed in 50ms
103 timing metavuln:load:security-advisory:express:2qdoAnGH3xB469g+aonHSVZDVP7zVBN7zKSrZom+Yx5jyXRqD98gvs0JcbJIcczqsPq3aVnw6g4EVzEWP24sQA== Completed in 6ms
104 timing metavuln:calculate:security-advisory:express:2qdoAnGH3xB469g+aonHSVZDVP7zVBN7zKSrZom+Yx5jyXRqD98gvs0JcbJIcczqsPq3aVnw6g4EVzEWP24sQA== Completed in 58ms
105 timing metavuln:cache:get:security-advisory:express:Qe6VF1gD5PmAmaVNrJr0J8EQ8Qwml8HW8gKRPrVTt49nXoALpdty5p0HEWXknOQEYO9qrvzPNstxfrAZkwfmTA== Completed in 6ms
106 timing metavuln:load:security-advisory:express:OO84Jm+bi6L8ol/TxvTv+544ykBtTelmjwigseeY2D0sCzg0KsHTtaRRJob9h32hC3fi9i3JSBR51oHF0vvyRQ== Completed in 6ms
107 timing metavuln:calculate:security-advisory:express:OO84Jm+bi6L8ol/TxvTv+544ykBtTelmjwigseeY2D0sCzg0KsHTtaRRJob9h32hC3fi9i3JSBR51oHF0vvyRQ== Completed in 13ms
108 timing metavuln:cache:get:security-advisory:serve-static:rFrbBZRsSM/oAPkR1kIOYwnT14s34lSDNsxxJua0O3dwCHVL9UuENLbLNsnwWaFICcgsfpfgwdjwWHwu1nJzWQ== Completed in 12ms
109 timing metavuln:load:security-advisory:serve-static:OO84Jm+bi6L8ol/TxvTv+544ykBtTelmjwigseeY2D0sCzg0KsHTtaRRJob9h32hC3fi9i3JSBR51oHF0vvyRQ== Completed in 1ms
110 timing metavuln:calculate:security-advisory:serve-static:OO84Jm+bi6L8ol/TxvTv+544ykBtTelmjwigseeY2D0sCzg0KsHTtaRRJob9h32hC3fi9i3JSBR51oHF0vvyRQ== Completed in 13ms
111 timing metavuln:cache:get:security-advisory:express:kykTo4VuC2rM2MB0/ANQ51tOegcUPd67Lh4iIK7TUUpqt61eQaJ70XtItcffrJ8PoIYxwtnuqm5DJGT19JMA/A== Completed in 3ms
112 timing metavuln:load:security-advisory:express:VyBBWzRCPk4QPwU71mkZJ+QZdwW0bnbx/lUJDdvhij3t67jGrB4z2A5Ryyta1VjZgpmZ9kuyannc46B7jSSuiQ== Completed in 2ms
113 timing metavuln:calculate:security-advisory:express:VyBBWzRCPk4QPwU71mkZJ+QZdwW0bnbx/lUJDdvhij3t67jGrB4z2A5Ryyta1VjZgpmZ9kuyannc46B7jSSuiQ== Completed in 7ms
114 timing auditReport:init Completed in 395ms
115 timing reify:audit Completed in 1200ms
116 timing reify Completed in 1708ms
117 timing command:install Completed in 1826ms
118 verbose exit 0
119 timing npm Completed in 2763ms
120 info ok
