0 verbose cli /usr/local/bin/node /usr/local/bin/npm
1 info using npm@9.8.1
2 info using node@v19.9.0
3 timing npm:load:whichnode Completed in 10ms
4 timing config:load:defaults Completed in 16ms
5 timing config:load:file:/usr/local/lib/node_modules/npm/npmrc Completed in 16ms
6 timing config:load:builtin Completed in 17ms
7 timing config:load:cli Completed in 7ms
8 timing config:load:env Completed in 2ms
9 timing config:load:project Completed in 74ms
10 timing config:load:file:/home/container/.npmrc Completed in 4ms
11 timing config:load:user Completed in 4ms
12 timing config:load:file:/usr/local/etc/npmrc Completed in 1ms
13 timing config:load:global Completed in 2ms
14 timing config:load:setEnvs Completed in 3ms
15 timing config:load Completed in 129ms
16 timing npm:load:configload Completed in 129ms
17 timing config:load:flatten Completed in 14ms
18 timing npm:load:mkdirpcache Completed in 2ms
19 timing npm:load:mkdirplogs Completed in 5ms
20 verbose title npm install
21 verbose argv "install"
22 timing npm:load:setTitle Completed in 3ms
23 timing npm:load:display Completed in 2ms
24 verbose logfile logs-max:10 dir:/home/container/.npm/_logs/2025-02-19T19_24_58_985Z-
25 verbose logfile /home/container/.npm/_logs/2025-02-19T19_24_58_985Z-debug-0.log
26 timing npm:load:logFile Completed in 33ms
27 timing npm:load:timers Completed in 0ms
28 timing npm:load:configScope Completed in 0ms
29 timing npm:load Completed in 291ms
30 timing arborist:ctor Completed in 4ms
31 silly logfile start cleaning logs, removing 1 files
32 silly logfile done cleaning log files
33 timing idealTree:init Completed in 434ms
34 timing idealTree:userRequests Completed in 1ms
35 silly idealTree buildDeps
36 timing idealTree:#root Completed in 1ms
37 timing idealTree:buildDeps Completed in 4ms
38 timing idealTree:fixDepFlags Completed in 0ms
39 timing idealTree Completed in 451ms
40 timing arborist:ctor Completed in 1ms
41 timing reify:loadTrees Completed in 613ms
42 timing reify:diffTrees Completed in 16ms
43 silly reify moves {}
44 timing reify:retireShallow Completed in 2ms
45 timing reify:createSparse Completed in 0ms
46 timing reify:loadBundles Completed in 0ms
47 silly audit bulk request {
47 silly audit   '@types/node': [ '18.0.6' ],
47 silly audit   accepts: [ '1.3.8' ],
47 silly audit   'array-flatten': [ '1.1.1' ],
47 silly audit   asynckit: [ '0.4.0' ],
47 silly audit   axios: [ '1.7.9' ],
47 silly audit   'body-parser': [ '1.20.3' ],
47 silly audit   bytes: [ '3.1.2' ],
47 silly audit   'call-bind-apply-helpers': [ '1.0.1' ],
47 silly audit   'call-bound': [ '1.0.3' ],
47 silly audit   'combined-stream': [ '1.0.8' ],
47 silly audit   'content-disposition': [ '0.5.4' ],
47 silly audit   'content-type': [ '1.0.5' ],
47 silly audit   cookie: [ '0.7.1' ],
47 silly audit   'cookie-signature': [ '1.0.6' ],
47 silly audit   cors: [ '2.8.5' ],
47 silly audit   debug: [ '2.6.9' ],
47 silly audit   'delayed-stream': [ '1.0.0' ],
47 silly audit   depd: [ '2.0.0' ],
47 silly audit   destroy: [ '1.2.0' ],
47 silly audit   'dunder-proto': [ '1.0.1' ],
47 silly audit   'ee-first': [ '1.1.1' ],
47 silly audit   encodeurl: [ '2.0.0', '1.0.2' ],
47 silly audit   'es-define-property': [ '1.0.1' ],
47 silly audit   'es-errors': [ '1.3.0' ],
47 silly audit   'es-object-atoms': [ '1.0.0' ],
47 silly audit   'escape-html': [ '1.0.3' ],
47 silly audit   etag: [ '1.8.1' ],
47 silly audit   express: [ '4.21.2' ],
47 silly audit   'express-ws': [ '5.0.2' ],
47 silly audit   finalhandler: [ '1.3.1' ],
47 silly audit   'follow-redirects': [ '1.15.9' ],
47 silly audit   'form-data': [ '4.0.1' ],
47 silly audit   forwarded: [ '0.2.0' ],
47 silly audit   fresh: [ '0.5.2' ],
47 silly audit   fs: [ '0.0.1-security' ],
47 silly audit   'function-bind': [ '1.1.2' ],
47 silly audit   'get-intrinsic': [ '1.2.7' ],
47 silly audit   'get-proto': [ '1.0.1' ],
47 silly audit   gopd: [ '1.2.0' ],
47 silly audit   'has-symbols': [ '1.1.0' ],
47 silly audit   hasown: [ '2.0.2' ],
47 silly audit   'http-errors': [ '2.0.0' ],
47 silly audit   inherits: [ '2.0.4', '2.0.3' ],
47 silly audit   'iconv-lite': [ '0.4.24' ],
47 silly audit   'ipaddr.js': [ '1.9.1' ],
47 silly audit   'math-intrinsics': [ '1.1.0' ],
47 silly audit   'media-typer': [ '0.3.0' ],
47 silly audit   'merge-descriptors': [ '1.0.3' ],
47 silly audit   methods: [ '1.1.2' ],
47 silly audit   mime: [ '1.6.0' ],
47 silly audit   'mime-db': [ '1.52.0' ],
47 silly audit   'mime-types': [ '2.1.35' ],
47 silly audit   ms: [ '2.0.0', '2.1.3' ],
47 silly audit   negotiator: [ '0.6.3' ],
47 silly audit   'object-assign': [ '4.1.1' ],
47 silly audit   'object-inspect': [ '1.13.3' ],
47 silly audit   'on-finished': [ '2.4.1' ],
47 silly audit   parseurl: [ '1.3.3' ],
47 silly audit   path: [ '0.12.7' ],
47 silly audit   'path-to-regexp': [ '0.1.12' ],
47 silly audit   process: [ '0.11.10' ],
47 silly audit   'proxy-addr': [ '2.0.7' ],
47 silly audit   'proxy-from-env': [ '1.1.0' ],
47 silly audit   qs: [ '6.13.0' ],
47 silly audit   'range-parser': [ '1.2.1' ],
47 silly audit   'raw-body': [ '2.5.2' ],
47 silly audit   'safe-buffer': [ '5.2.1' ],
47 silly audit   'safer-buffer': [ '2.1.2' ],
47 silly audit   send: [ '0.19.0' ],
47 silly audit   'serve-static': [ '1.16.2' ],
47 silly audit   setprototypeof: [ '1.2.0' ],
47 silly audit   'side-channel': [ '1.1.0' ],
47 silly audit   'side-channel-list': [ '1.0.0' ],
47 silly audit   'side-channel-map': [ '1.0.1' ],
47 silly audit   'side-channel-weakmap': [ '1.0.2' ],
47 silly audit   statuses: [ '2.0.1' ],
47 silly audit   toidentifier: [ '1.0.1' ],
47 silly audit   'type-is': [ '1.6.18' ],
47 silly audit   unpipe: [ '1.0.0' ],
47 silly audit   util: [ '0.10.4' ],
47 silly audit   'utils-merge': [ '1.0.1' ],
47 silly audit   uuid: [ '10.0.0' ],
47 silly audit   vary: [ '1.1.2' ],
47 silly audit   ws: [ '7.5.10' ]
47 silly audit }
48 timing reify:unpack Completed in 9ms
49 timing reify:unretire Completed in 0ms
50 timing build:queue Completed in 0ms
51 timing build:deps Completed in 1ms
52 timing build Completed in 2ms
53 timing reify:build Completed in 3ms
54 timing reify:trash Completed in 0ms
55 timing reify:save Completed in 202ms
56 http fetch POST 200 https://registry.npmjs.org/-/npm/v1/security/advisories/bulk 889ms
57 timing auditReport:getReport Completed in 906ms
58 silly audit report {}
59 timing auditReport:init Completed in 0ms
60 timing reify:audit Completed in 908ms
61 timing reify Completed in 1554ms
62 timing command:install Completed in 1601ms
63 verbose exit 0
64 timing npm Completed in 2709ms
65 info ok
