0 verbose cli /usr/local/bin/node /usr/local/bin/npm
1 info using npm@9.8.1
2 info using node@v19.9.0
3 timing npm:load:whichnode Completed in 4ms
4 timing config:load:defaults Completed in 3ms
5 timing config:load:file:/usr/local/lib/node_modules/npm/npmrc Completed in 12ms
6 timing config:load:builtin Completed in 13ms
7 timing config:load:cli Completed in 10ms
8 timing config:load:env Completed in 1ms
9 timing config:load:project Completed in 2ms
10 timing config:load:file:/home/container/.npmrc Completed in 0ms
11 timing config:load:user Completed in 0ms
12 timing config:load:file:/usr/local/etc/npmrc Completed in 0ms
13 timing config:load:global Completed in 0ms
14 timing config:load:setEnvs Completed in 2ms
15 timing config:load Completed in 32ms
16 timing npm:load:configload Completed in 33ms
17 timing config:load:flatten Completed in 8ms
18 timing npm:load:mkdirpcache Completed in 1ms
19 timing npm:load:mkdirplogs Completed in 1ms
20 verbose title npm install axios
21 verbose argv "install" "axios"
22 timing npm:load:setTitle Completed in 3ms
23 timing npm:load:display Completed in 34ms
24 verbose logfile logs-max:10 dir:/home/container/.npm/_logs/2025-01-11T20_01_01_771Z-
25 verbose logfile /home/container/.npm/_logs/2025-01-11T20_01_01_771Z-debug-0.log
26 timing npm:load:logFile Completed in 23ms
27 timing npm:load:timers Completed in 0ms
28 timing npm:load:configScope Completed in 0ms
29 timing npm:load Completed in 142ms
30 timing arborist:ctor Completed in 2ms
31 silly logfile done cleaning log files
32 timing idealTree:init Completed in 285ms
33 timing idealTree:userRequests Completed in 3ms
34 silly idealTree buildDeps
35 silly fetch manifest axios@^1.7.9
36 timing arborist:ctor Completed in 1ms
37 http fetch GET 200 https://registry.npmjs.org/axios 112ms (cache hit)
38 silly placeDep ROOT axios@1.7.9 REPLACE for: nodejs@1.0.0 want: ^1.7.9
39 timing idealTree:#root Completed in 169ms
40 timing idealTree:node_modules/axios Completed in 0ms
41 timing idealTree:buildDeps Completed in 172ms
42 timing idealTree:fixDepFlags Completed in 2ms
43 timing idealTree Completed in 471ms
44 timing reify:loadTrees Completed in 474ms
45 timing reify:diffTrees Completed in 11ms
46 silly reify moves {}
47 timing reify:retireShallow Completed in 3ms
48 timing reify:createSparse Completed in 0ms
49 timing reify:loadBundles Completed in 0ms
50 silly audit bulk request {
50 silly audit   '@types/node': [ '18.0.6' ],
50 silly audit   accepts: [ '1.3.8' ],
50 silly audit   'array-flatten': [ '1.1.1' ],
50 silly audit   asynckit: [ '0.4.0' ],
50 silly audit   'body-parser': [ '1.20.2' ],
50 silly audit   bytes: [ '3.1.2' ],
50 silly audit   'call-bind': [ '1.0.7' ],
50 silly audit   'combined-stream': [ '1.0.8' ],
50 silly audit   'content-disposition': [ '0.5.4' ],
50 silly audit   'content-type': [ '1.0.5' ],
50 silly audit   cookie: [ '0.6.0' ],
50 silly audit   'cookie-signature': [ '1.0.6' ],
50 silly audit   cors: [ '2.8.5' ],
50 silly audit   debug: [ '2.6.9' ],
50 silly audit   'define-data-property': [ '1.1.4' ],
50 silly audit   'delayed-stream': [ '1.0.0' ],
50 silly audit   depd: [ '2.0.0' ],
50 silly audit   destroy: [ '1.2.0' ],
50 silly audit   'ee-first': [ '1.1.1' ],
50 silly audit   encodeurl: [ '1.0.2' ],
50 silly audit   'es-define-property': [ '1.0.0' ],
50 silly audit   'es-errors': [ '1.3.0' ],
50 silly audit   'escape-html': [ '1.0.3' ],
50 silly audit   etag: [ '1.8.1' ],
50 silly audit   express: [ '4.19.2' ],
50 silly audit   'express-ws': [ '5.0.2' ],
50 silly audit   finalhandler: [ '1.2.0' ],
50 silly audit   'follow-redirects': [ '1.15.9' ],
50 silly audit   'form-data': [ '4.0.1' ],
50 silly audit   forwarded: [ '0.2.0' ],
50 silly audit   fresh: [ '0.5.2' ],
50 silly audit   fs: [ '0.0.1-security' ],
50 silly audit   'function-bind': [ '1.1.2' ],
50 silly audit   'get-intrinsic': [ '1.2.4' ],
50 silly audit   gopd: [ '1.0.1' ],
50 silly audit   'has-property-descriptors': [ '1.0.2' ],
50 silly audit   'has-proto': [ '1.0.3' ],
50 silly audit   'has-symbols': [ '1.0.3' ],
50 silly audit   hasown: [ '2.0.2' ],
50 silly audit   'http-errors': [ '2.0.0' ],
50 silly audit   inherits: [ '2.0.4', '2.0.3' ],
50 silly audit   'iconv-lite': [ '0.4.24' ],
50 silly audit   'ipaddr.js': [ '1.9.1' ],
50 silly audit   'media-typer': [ '0.3.0' ],
50 silly audit   'merge-descriptors': [ '1.0.1' ],
50 silly audit   methods: [ '1.1.2' ],
50 silly audit   mime: [ '1.6.0' ],
50 silly audit   'mime-db': [ '1.52.0' ],
50 silly audit   'mime-types': [ '2.1.35' ],
50 silly audit   ms: [ '2.0.0', '2.1.3' ],
50 silly audit   negotiator: [ '0.6.3' ],
50 silly audit   'object-assign': [ '4.1.1' ],
50 silly audit   'object-inspect': [ '1.13.2' ],
50 silly audit   'on-finished': [ '2.4.1' ],
50 silly audit   parseurl: [ '1.3.3' ],
50 silly audit   path: [ '0.12.7' ],
50 silly audit   'path-to-regexp': [ '0.1.7' ],
50 silly audit   process: [ '0.11.10' ],
50 silly audit   'proxy-addr': [ '2.0.7' ],
50 silly audit   'proxy-from-env': [ '1.1.0' ],
50 silly audit   qs: [ '6.11.0' ],
50 silly audit   'range-parser': [ '1.2.1' ],
50 silly audit   'raw-body': [ '2.5.2' ],
50 silly audit   'safe-buffer': [ '5.2.1' ],
50 silly audit   'safer-buffer': [ '2.1.2' ],
50 silly audit   send: [ '0.18.0' ],
50 silly audit   'serve-static': [ '1.15.0' ],
50 silly audit   'set-function-length': [ '1.2.2' ],
50 silly audit   setprototypeof: [ '1.2.0' ],
50 silly audit   'side-channel': [ '1.0.6' ],
50 silly audit   statuses: [ '2.0.1' ],
50 silly audit   toidentifier: [ '1.0.1' ],
50 silly audit   'type-is': [ '1.6.18' ],
50 silly audit   unpipe: [ '1.0.0' ],
50 silly audit   util: [ '0.10.4' ],
50 silly audit   'utils-merge': [ '1.0.1' ],
50 silly audit   uuid: [ '10.0.0' ],
50 silly audit   vary: [ '1.1.2' ],
50 silly audit   ws: [ '7.5.10' ],
50 silly audit   axios: [ '1.7.9' ]
50 silly audit }
51 timing reify:unpack Completed in 24ms
52 timing reify:unretire Completed in 0ms
53 timing build:queue Completed in 0ms
54 timing build:deps Completed in 1ms
55 timing build Completed in 2ms
56 timing reify:build Completed in 4ms
57 timing reify:trash Completed in 0ms
58 timing reify:save Completed in 161ms
59 http fetch POST 200 https://registry.npmjs.org/-/npm/v1/security/advisories/bulk 849ms
60 timing auditReport:getReport Completed in 860ms
61 silly audit report {
61 silly audit report   'body-parser': [
61 silly audit report     {
61 silly audit report       id: 1099520,
61 silly audit report       url: 'https://github.com/advisories/GHSA-qwcr-r2fm-qrc7',
61 silly audit report       title: 'body-parser vulnerable to denial of service when url encoding is enabled',
61 silly audit report       severity: 'high',
61 silly audit report       vulnerable_versions: '<1.20.3',
61 silly audit report       cwe: [Array],
61 silly audit report       cvss: [Object]
61 silly audit report     }
61 silly audit report   ],
61 silly audit report   cookie: [
61 silly audit report     {
61 silly audit report       id: 1099846,
61 silly audit report       url: 'https://github.com/advisories/GHSA-pxg6-pf52-xh8x',
61 silly audit report       title: 'cookie accepts cookie name, path, and domain with out of bounds characters',
61 silly audit report       severity: 'low',
61 silly audit report       vulnerable_versions: '<0.7.0',
61 silly audit report       cwe: [Array],
61 silly audit report       cvss: [Object]
61 silly audit report     }
61 silly audit report   ],
61 silly audit report   express: [
61 silly audit report     {
61 silly audit report       id: 1100530,
61 silly audit report       url: 'https://github.com/advisories/GHSA-qw6h-vgh9-j6wx',
61 silly audit report       title: 'express vulnerable to XSS via response.redirect()',
61 silly audit report       severity: 'low',
61 silly audit report       vulnerable_versions: '<4.20.0',
61 silly audit report       cwe: [Array],
61 silly audit report       cvss: [Object]
61 silly audit report     }
61 silly audit report   ],
61 silly audit report   'path-to-regexp': [
61 silly audit report     {
61 silly audit report       id: 1101081,
61 silly audit report       url: 'https://github.com/advisories/GHSA-rhx6-c78j-4q9w',
61 silly audit report       title: 'Unpatched `path-to-regexp` ReDoS in 0.1.x',
61 silly audit report       severity: 'moderate',
61 silly audit report       vulnerable_versions: '<0.1.12',
61 silly audit report       cwe: [Array],
61 silly audit report       cvss: [Object]
61 silly audit report     },
61 silly audit report     {
61 silly audit report       id: 1099562,
61 silly audit report       url: 'https://github.com/advisories/GHSA-9wv6-86v2-598j',
61 silly audit report       title: 'path-to-regexp outputs backtracking regular expressions',
61 silly audit report       severity: 'high',
61 silly audit report       vulnerable_versions: '<0.1.10',
61 silly audit report       cwe: [Array],
61 silly audit report       cvss: [Object]
61 silly audit report     }
61 silly audit report   ],
61 silly audit report   send: [
61 silly audit report     {
61 silly audit report       id: 1100526,
61 silly audit report       url: 'https://github.com/advisories/GHSA-m6fv-jmcg-4jfg',
61 silly audit report       title: 'send vulnerable to template injection that can lead to XSS',
61 silly audit report       severity: 'low',
61 silly audit report       vulnerable_versions: '<0.19.0',
61 silly audit report       cwe: [Array],
61 silly audit report       cvss: [Object]
61 silly audit report     }
61 silly audit report   ],
61 silly audit report   'serve-static': [
61 silly audit report     {
61 silly audit report       id: 1100528,
61 silly audit report       url: 'https://github.com/advisories/GHSA-cm22-4g7w-348p',
61 silly audit report       title: 'serve-static vulnerable to template injection that can lead to XSS',
61 silly audit report       severity: 'low',
61 silly audit report       vulnerable_versions: '<1.16.0',
61 silly audit report       cwe: [Array],
61 silly audit report       cvss: [Object]
61 silly audit report     }
61 silly audit report   ]
61 silly audit report }
62 timing metavuln:cache:get:security-advisory:body-parser:uoEU0GS6gk35ZdcQ5nagZYzZcDz5Th0PEvPIVa8rzwbO20pRdxYbAhpIm6Wc5MALXoWb1C4X8WqCtH02U0Wo1A== Completed in 34ms
63 timing metavuln:cache:get:security-advisory:cookie:fiAgy8LdsBPaQEbo7M3TC0K1AVc7Dl69m8P2pmr6RTs1eBYnkyvV6lHHCRB0mAKtL1TSQPXxJVEHOqp48Uvhag== Completed in 32ms
64 timing metavuln:cache:get:security-advisory:express:Y6ACp2DmYM+0HQ/I8CvEhLQJwNp8DOoQ76C8ObH06Y0qG40PIuVRmOi3OWzwUOTASTLCIWqeicWSO/acR3aaGQ== Completed in 33ms
65 timing metavuln:cache:get:security-advisory:path-to-regexp:2qdoAnGH3xB469g+aonHSVZDVP7zVBN7zKSrZom+Yx5jyXRqD98gvs0JcbJIcczqsPq3aVnw6g4EVzEWP24sQA== Completed in 32ms
66 timing metavuln:cache:get:security-advisory:path-to-regexp:MGO+1pdJTigPi3TXGZyVn35t2czXVkYs+fgMO7RE91yslgH9FQoQuUVMgE+5KM1TF4oevhUauG5tddQcIK8Fzg== Completed in 31ms
67 timing metavuln:cache:get:security-advisory:send:OO84Jm+bi6L8ol/TxvTv+544ykBtTelmjwigseeY2D0sCzg0KsHTtaRRJob9h32hC3fi9i3JSBR51oHF0vvyRQ== Completed in 31ms
68 timing metavuln:cache:get:security-advisory:serve-static:VyBBWzRCPk4QPwU71mkZJ+QZdwW0bnbx/lUJDdvhij3t67jGrB4z2A5Ryyta1VjZgpmZ9kuyannc46B7jSSuiQ== Completed in 30ms
69 http fetch GET 200 https://registry.npmjs.org/path-to-regexp 57ms (cache hit)
70 timing metavuln:packument:path-to-regexp Completed in 60ms
71 timing metavuln:load:security-advisory:path-to-regexp:1101081 Completed in 2ms
72 timing metavuln:calculate:security-advisory:path-to-regexp:1101081 Completed in 63ms
73 timing metavuln:load:security-advisory:path-to-regexp:1099562 Completed in 1ms
74 timing metavuln:calculate:security-advisory:path-to-regexp:1099562 Completed in 63ms
75 http fetch GET 200 https://registry.npmjs.org/body-parser 68ms (cache hit)
76 timing metavuln:packument:body-parser Completed in 80ms
77 timing metavuln:load:security-advisory:body-parser:1099520 Completed in 2ms
78 timing metavuln:calculate:security-advisory:body-parser:1099520 Completed in 84ms
79 http fetch GET 200 https://registry.npmjs.org/serve-static 80ms (cache hit)
80 timing metavuln:packument:serve-static Completed in 82ms
81 timing metavuln:load:security-advisory:serve-static:1100528 Completed in 2ms
82 timing metavuln:calculate:security-advisory:serve-static:1100528 Completed in 84ms
83 http fetch GET 200 https://registry.npmjs.org/express 89ms (cache hit)
84 timing metavuln:packument:express Completed in 101ms
85 timing metavuln:load:security-advisory:express:1100530 Completed in 8ms
86 timing metavuln:calculate:security-advisory:express:1100530 Completed in 110ms
87 http fetch GET 200 https://registry.npmjs.org/send 107ms (cache hit)
88 timing metavuln:packument:send Completed in 111ms
89 timing metavuln:load:security-advisory:send:1100526 Completed in 1ms
90 timing metavuln:calculate:security-advisory:send:1100526 Completed in 113ms
91 http fetch GET 200 https://registry.npmjs.org/cookie 116ms (cache hit)
92 timing metavuln:packument:cookie Completed in 118ms
93 timing metavuln:load:security-advisory:cookie:1099846 Completed in 1ms
94 timing metavuln:calculate:security-advisory:cookie:1099846 Completed in 120ms
95 timing metavuln:cache:get:security-advisory:express:jvTd6gzTcOHtTpI+4CX7Ne4qICdj+n1Uun+dHPDk1JAyy9ltqA8JnsvVhBi+M0Y+kR5QoSv5YqjecJACWBUhEA== Completed in 5ms
96 timing metavuln:load:security-advisory:express:uoEU0GS6gk35ZdcQ5nagZYzZcDz5Th0PEvPIVa8rzwbO20pRdxYbAhpIm6Wc5MALXoWb1C4X8WqCtH02U0Wo1A== Completed in 6ms
97 timing metavuln:calculate:security-advisory:express:uoEU0GS6gk35ZdcQ5nagZYzZcDz5Th0PEvPIVa8rzwbO20pRdxYbAhpIm6Wc5MALXoWb1C4X8WqCtH02U0Wo1A== Completed in 12ms
98 timing metavuln:cache:get:security-advisory:express:wpiLhoazHuPn1BZx3aoZElXRJGtv0L0hAoLu6mSYyQJJZRllThEbX+Zz/Sao2aEUznMvCOKVfYofpLqfRxfcfQ== Completed in 6ms
99 timing metavuln:load:security-advisory:express:fiAgy8LdsBPaQEbo7M3TC0K1AVc7Dl69m8P2pmr6RTs1eBYnkyvV6lHHCRB0mAKtL1TSQPXxJVEHOqp48Uvhag== Completed in 7ms
100 timing metavuln:calculate:security-advisory:express:fiAgy8LdsBPaQEbo7M3TC0K1AVc7Dl69m8P2pmr6RTs1eBYnkyvV6lHHCRB0mAKtL1TSQPXxJVEHOqp48Uvhag== Completed in 44ms
101 timing metavuln:cache:get:security-advisory:express-ws:MXVXSQoSu7Yp7pLwji+H1igWmjo6Q8AcjT6PKMBtpZXJXAHvG3jkzlIu/furO2KR2jL3mE+2JuFDAcNFqG1/wA== Completed in 24ms
102 http fetch GET 200 https://registry.npmjs.org/express-ws 30ms (cache hit)
103 timing metavuln:packument:express-ws Completed in 34ms
104 timing metavuln:load:security-advisory:express-ws:Y6ACp2DmYM+0HQ/I8CvEhLQJwNp8DOoQ76C8ObH06Y0qG40PIuVRmOi3OWzwUOTASTLCIWqeicWSO/acR3aaGQ== Completed in 1ms
105 timing metavuln:calculate:security-advisory:express-ws:Y6ACp2DmYM+0HQ/I8CvEhLQJwNp8DOoQ76C8ObH06Y0qG40PIuVRmOi3OWzwUOTASTLCIWqeicWSO/acR3aaGQ== Completed in 36ms
106 timing metavuln:cache:get:security-advisory:express:ebtUTbPFP4GLpEWnCv5+nWyKme1GvNGh2ld1QU5lNTXxEKWFf6g6IO59JyRhLIuY6S5UVcC4dpdRfp+Zookh0g== Completed in 43ms
107 timing metavuln:load:security-advisory:express:2qdoAnGH3xB469g+aonHSVZDVP7zVBN7zKSrZom+Yx5jyXRqD98gvs0JcbJIcczqsPq3aVnw6g4EVzEWP24sQA== Completed in 4ms
108 timing metavuln:calculate:security-advisory:express:2qdoAnGH3xB469g+aonHSVZDVP7zVBN7zKSrZom+Yx5jyXRqD98gvs0JcbJIcczqsPq3aVnw6g4EVzEWP24sQA== Completed in 47ms
109 timing metavuln:cache:get:security-advisory:express:Qe6VF1gD5PmAmaVNrJr0J8EQ8Qwml8HW8gKRPrVTt49nXoALpdty5p0HEWXknOQEYO9qrvzPNstxfrAZkwfmTA== Completed in 4ms
110 timing metavuln:load:security-advisory:express:OO84Jm+bi6L8ol/TxvTv+544ykBtTelmjwigseeY2D0sCzg0KsHTtaRRJob9h32hC3fi9i3JSBR51oHF0vvyRQ== Completed in 4ms
111 timing metavuln:calculate:security-advisory:express:OO84Jm+bi6L8ol/TxvTv+544ykBtTelmjwigseeY2D0sCzg0KsHTtaRRJob9h32hC3fi9i3JSBR51oHF0vvyRQ== Completed in 8ms
112 timing metavuln:cache:get:security-advisory:serve-static:rFrbBZRsSM/oAPkR1kIOYwnT14s34lSDNsxxJua0O3dwCHVL9UuENLbLNsnwWaFICcgsfpfgwdjwWHwu1nJzWQ== Completed in 8ms
113 timing metavuln:load:security-advisory:serve-static:OO84Jm+bi6L8ol/TxvTv+544ykBtTelmjwigseeY2D0sCzg0KsHTtaRRJob9h32hC3fi9i3JSBR51oHF0vvyRQ== Completed in 0ms
114 timing metavuln:calculate:security-advisory:serve-static:OO84Jm+bi6L8ol/TxvTv+544ykBtTelmjwigseeY2D0sCzg0KsHTtaRRJob9h32hC3fi9i3JSBR51oHF0vvyRQ== Completed in 9ms
115 timing metavuln:cache:get:security-advisory:express:kykTo4VuC2rM2MB0/ANQ51tOegcUPd67Lh4iIK7TUUpqt61eQaJ70XtItcffrJ8PoIYxwtnuqm5DJGT19JMA/A== Completed in 3ms
116 timing metavuln:load:security-advisory:express:VyBBWzRCPk4QPwU71mkZJ+QZdwW0bnbx/lUJDdvhij3t67jGrB4z2A5Ryyta1VjZgpmZ9kuyannc46B7jSSuiQ== Completed in 3ms
117 timing metavuln:calculate:security-advisory:express:VyBBWzRCPk4QPwU71mkZJ+QZdwW0bnbx/lUJDdvhij3t67jGrB4z2A5Ryyta1VjZgpmZ9kuyannc46B7jSSuiQ== Completed in 6ms
118 timing auditReport:init Completed in 307ms
119 timing reify:audit Completed in 1169ms
120 timing reify Completed in 1673ms
121 timing command:install Completed in 1776ms
122 verbose exit 0
123 timing npm Completed in 2654ms
124 info ok
